{"/Users/urano/Documents/GitHub/TestDrivenDevelopmentTypeScript/build/src/Dollar.js":{"path":"/Users/urano/Documents/GitHub/TestDrivenDevelopmentTypeScript/build/src/Dollar.js","s":{"1":1,"2":1,"3":1,"4":1,"5":1,"6":1,"7":1,"8":1},"b":{},"f":{"1":1,"2":1,"3":1},"fnMap":{"1":{"name":"(anonymous_1)","line":3,"loc":{"start":{"line":3,"column":28},"end":{"line":3,"column":40}}},"2":{"name":"Dollar","line":4,"loc":{"start":{"line":4,"column":4},"end":{"line":4,"column":28}}},"3":{"name":"(anonymous_3)","line":7,"loc":{"start":{"line":7,"column":29},"end":{"line":7,"column":51}}}},"statementMap":{"1":{"start":{"line":2,"column":0},"end":{"line":2,"column":62}},"2":{"start":{"line":3,"column":0},"end":{"line":11,"column":5}},"3":{"start":{"line":4,"column":4},"end":{"line":6,"column":5}},"4":{"start":{"line":5,"column":8},"end":{"line":5,"column":29}},"5":{"start":{"line":7,"column":4},"end":{"line":9,"column":6}},"6":{"start":{"line":8,"column":8},"end":{"line":8,"column":34}},"7":{"start":{"line":10,"column":4},"end":{"line":10,"column":18}},"8":{"start":{"line":12,"column":0},"end":{"line":12,"column":24}}},"branchMap":{}}}